[01.03.2026 20:39:33] Service recfibiibot ist ausgefallen.
[01.03.2026 20:41:41] Service recfibiibot ist wieder online. Ausfall: 01.03.2026 20:41:22 bis 01.03.2026 20:41:41 (19.4s)
[01.03.2026 20:42:25] Service recfibiibot ist ausgefallen.
[01.03.2026 20:47:35] Service recfibiibot ist wieder online. Ausfall: 01.03.2026 20:42:25 bis 01.03.2026 20:47:35 (309.7s)
[01.03.2026 20:48:31] Service recfibiibot ist ausgefallen.
[01.03.2026 20:58:58] Service recfibiibot ist wieder online. Ausfall: 01.03.2026 20:48:31 bis 01.03.2026 20:58:58 (627.4s)
[01.03.2026 21:01:13] Service recfibiibot ist ausgefallen.
[01.03.2026 21:01:22] Service recfibiibot ist wieder online. Ausfall: 01.03.2026 21:01:13 bis 01.03.2026 21:01:22 (9.2s)
[01.03.2026 21:04:36] Service recfibiibot ist ausgefallen.
[01.03.2026 21:04:46] Service recfibiibot ist wieder online. Ausfall: 01.03.2026 21:04:36 bis 01.03.2026 21:04:46 (10.2s)
[01.03.2026 21:07:51] Service recfibiibot ist ausgefallen.
[01.03.2026 21:08:02] Service recfibiibot ist wieder online. Ausfall: 01.03.2026 21:07:51 bis 01.03.2026 21:08:02 (11.3s)
[01.03.2026 21:09:21] Service webfibiibot ist wieder online. Ausfall: 01.03.2026 20:41:22 bis 01.03.2026 21:09:21 (1679.0s)
[01.03.2026 21:19:55] Service recfibiibot ist ausgefallen.
[01.03.2026 21:21:25] Service recfibiibot wieder online nach 41.8s
[01.03.2026 21:28:08] Service recfibiibot ist ausgefallen.
[01.03.2026 21:29:39] Service recfibiibot wieder online nach 90.6s
[01.03.2026 21:34:56] Service recfibiibot ausgefallen.
[01.03.2026 21:37:32] Service recfibiibot online nach 155.9s
[01.03.2026 21:37:55] Service recfibiibot ausgefallen.
[01.03.2026 21:39:25] Service recfibiibot online nach 89.6s
[01.03.2026 21:41:35] Service recfibiibot ausgefallen.
[01.03.2026 21:44:21] Service recfibiibot online nach 165.7s
[01.03.2026 21:44:51] Service recfibiibot ausgefallen.
[01.03.2026 21:47:33] Service recfibiibot online nach 162.5s
[01.03.2026 21:48:37] Service recfibiibot ausgefallen.
[01.03.2026 21:50:14] Service recfibiibot online nach 97.1s
[01.03.2026 21:54:40] Service recfibiibot ausgefallen.
[01.03.2026 21:57:26] Service recfibiibot wieder online.
[01.03.2026 21:58:11] Service recfibiibot ausgefallen.
[01.03.2026 21:58:37] Service recfibiibot wieder online.
[01.03.2026 22:00:48] Service recfibiibot ausgefallen.
[01.03.2026 22:03:35] Service recfibiibot ausgefallen.
[01.03.2026 22:07:59] Service recfibiibot ausgefallen.
[01.03.2026 22:09:29] Service recfibiibot ausgefallen.
[01.03.2026 22:14:37] Service recfibiibot ausgefallen.
[01.03.2026 22:18:43] Service recfibiibot ausgefallen.
[01.03.2026 22:22:57] Service recfibiibot ausgefallen.
[01.03.2026 23:48:33] Service recfibiibot ausgefallen.
[01.03.2026 23:58:34] Service recfibiibot ausgefallen.
[02.03.2026 00:00:42] Service recfibiibot ausgefallen.
