[cli][info] streamlink is running as root! Be careful!
[cli][info] Found matching plugin twitch for URL twitch.tv/fibii
[warnings][streamlinkdeprecation] The --twitch-disable-ads plugin argument has been disabled and will be removed in the future
[cli][info] Available streams: audio_only, 360p30 (worst), 480p30, 720p60, 1080p60 (best)
[cli][info] Opening stream: 1080p60 (hls)
[plugins.twitch][info] Will skip ad segments
[plugins.twitch][info] Detected advertisement break of 90 seconds
[stream.hls][info] Filtering out segments and pausing stream output
[cli][info] Stream ended
Interrupted! Exiting...
[cli][info] Closing currently open stream...
[cli][info] streamlink is running as root! Be careful!
[cli][info] Found matching plugin twitch for URL twitch.tv/fibii
[warnings][streamlinkdeprecation] The --twitch-disable-ads plugin argument has been disabled and will be removed in the future
[cli][info] Available streams: audio_only, 360p30 (worst), 480p30, 720p60, 1080p60 (best)
[cli][info] Opening stream: 1080p60 (hls)
[plugins.twitch][info] Will skip ad segments
[plugins.twitch][info] Detected advertisement break of 30 seconds
[stream.hls][info] Filtering out segments and pausing stream output
[cli][info] Stream ended
Interrupted! Exiting...
[cli][info] Closing currently open stream...
[cli][info] streamlink is running as root! Be careful!
[cli][info] Found matching plugin twitch for URL twitch.tv/fibii
[warnings][streamlinkdeprecation] The --twitch-disable-ads plugin argument has been disabled and will be removed in the future
[cli][info] Available streams: audio_only, 360p30 (worst), 480p30, 720p60, 1080p60 (best)
[cli][info] Opening stream: 1080p60 (hls)
[plugins.twitch][info] Will skip ad segments
[plugins.twitch][info] Detected advertisement break of 30 seconds
[stream.hls][info] Filtering out segments and pausing stream output
[cli][info] Stream ended
Interrupted! Exiting...
[cli][info] Closing currently open stream...
[cli][info] streamlink is running as root! Be careful!
[cli][info] Found matching plugin twitch for URL twitch.tv/fibii
[warnings][streamlinkdeprecation] The --twitch-disable-ads plugin argument has been disabled and will be removed in the future
[cli][info] Available streams: audio_only, 360p30 (worst), 480p30, 720p60, 1080p60 (best)
[cli][info] Opening stream: 1080p60 (hls)
[plugins.twitch][info] Will skip ad segments
[cli][info] Stream ended
Interrupted! Exiting...
[cli][info] Closing currently open stream...
[cli][info] streamlink is running as root! Be careful!
[cli][info] Found matching plugin twitch for URL twitch.tv/fibii
[warnings][streamlinkdeprecation] The --twitch-disable-ads plugin argument has been disabled and will be removed in the future
[cli][info] Available streams: audio_only, 360p30 (worst), 480p30, 720p60, 1080p60 (best)
[cli][info] Opening stream: 1080p60 (hls)
[plugins.twitch][info] Will skip ad segments
[cli][info] Stream ended
Interrupted! Exiting...
[cli][info] Closing currently open stream...
[cli][info] streamlink is running as root! Be careful!
[cli][info] Found matching plugin twitch for URL twitch.tv/fibii
[warnings][streamlinkdeprecation] The --twitch-disable-ads plugin argument has been disabled and will be removed in the future
[cli][info] Available streams: audio_only, 360p30 (worst), 480p30, 720p60, 1080p60 (best)
[cli][info] Opening stream: 1080p60 (hls)
[plugins.twitch][info] Will skip ad segments
[plugins.twitch][info] Detected advertisement break of 90 seconds
[stream.hls][info] Filtering out segments and pausing stream output
[cli][info] Stream ended
Interrupted! Exiting...
[cli][info] Closing currently open stream...
[cli][info] streamlink is running as root! Be careful!
[cli][info] Found matching plugin twitch for URL twitch.tv/fibii
[warnings][streamlinkdeprecation] The --twitch-disable-ads plugin argument has been disabled and will be removed in the future
[cli][info] Available streams: audio_only, 360p30 (worst), 480p30, 720p60, 1080p60 (best)
[cli][info] Opening stream: 1080p60 (hls)
[plugins.twitch][info] Will skip ad segments
[plugins.twitch][info] Detected advertisement break of 30 seconds
[stream.hls][info] Filtering out segments and pausing stream output
[cli][info] Stream ended
Interrupted! Exiting...
[cli][info] Closing currently open stream...
[cli][info] streamlink is running as root! Be careful!
[cli][info] Found matching plugin twitch for URL twitch.tv/fibii
[warnings][streamlinkdeprecation] The --twitch-disable-ads plugin argument has been disabled and will be removed in the future
[cli][info] Available streams: audio_only, 360p30 (worst), 480p30, 720p60, 1080p60 (best)
[cli][info] Opening stream: 1080p60 (hls)
[plugins.twitch][info] Will skip ad segments
[plugins.twitch][info] Detected advertisement break of 30 seconds
[stream.hls][info] Filtering out segments and pausing stream output
[cli][info] Stream ended
Interrupted! Exiting...
[cli][info] Closing currently open stream...
[cli][info] streamlink is running as root! Be careful!
[cli][info] Found matching plugin twitch for URL twitch.tv/fibii
[warnings][streamlinkdeprecation] The --twitch-disable-ads plugin argument has been disabled and will be removed in the future
[cli][info] Available streams: audio_only, 360p30 (worst), 480p30, 720p60, 1080p60 (best)
[cli][info] Opening stream: 1080p60 (hls)
[plugins.twitch][info] Will skip ad segments
Interrupted! Exiting...
[cli][info] Closing currently open stream...
